<?xml version="1.0" encoding="UTF-8"?>
<!-- Generated by org.testng.reporters.JUnitReportReporter -->
<testsuite hostname="DESKTOP-M463AMS" failures="0" tests="1" name="emptyShoppingCart" time="16.078" errors="0" timestamp="2024-05-07T16:54:09 CEST" skipped="0">
  <testcase classname="emptyShoppingCart" name="empty_shopping_cart" time="16.078"/>
</testsuite> <!-- emptyShoppingCart -->
