<?xml version="1.0" encoding="UTF-8"?>
<!-- Generated by org.testng.reporters.JUnitReportReporter -->
<testsuite hostname="DESKTOP-M463AMS" failures="0" tests="1" name="dashboard" time="28.582" errors="0" timestamp="2024-05-07T16:46:58 CEST" skipped="0">
  <testcase classname="dashboard" name="dashboard_nav" time="28.582"/>
</testsuite> <!-- dashboard -->
