<?xml version="1.0" encoding="UTF-8"?>
<!-- Generated by org.testng.reporters.JUnitReportReporter -->
<testsuite hostname="DESKTOP-M463AMS" failures="0" tests="1" name="Test.dashboard" time="36.079" errors="0" timestamp="2024-05-07T19:05:26 CEST" skipped="0">
  <testcase classname="Test.dashboard" name="dashboard_nav" time="36.079"/>
</testsuite> <!-- Test.dashboard -->
