<?xml version="1.0" encoding="UTF-8"?>
<!-- Generated by org.testng.reporters.JUnitReportReporter -->
<testsuite hostname="DESKTOP-M463AMS" failures="0" tests="1" name="shopping_cart" time="11.840" errors="0" timestamp="2024-05-07T16:37:28 CEST" skipped="0">
  <testcase classname="shopping_cart" name="shoppingCart" time="11.840"/>
</testsuite> <!-- shopping_cart -->
