<?xml version="1.0" encoding="UTF-8"?>
<!-- Generated by org.testng.reporters.JUnitReportReporter -->
<testsuite hostname="DESKTOP-M463AMS" failures="0" tests="2" name="Test.register" time="25.171" errors="0" timestamp="2024-05-07T19:04:43 CEST" skipped="0">
  <testcase classname="Test.register" name="valid_register" time="7.709"/>
  <testcase classname="Test.register" name="login" time="17.462"/>
</testsuite> <!-- Test.register -->
