<?xml version="1.0" encoding="UTF-8"?>
<!-- Generated by org.testng.reporters.JUnitReportReporter -->
<testsuite hostname="DESKTOP-M463AMS" failures="0" tests="1" name="Test.shopping_cart" time="18.396" errors="0" timestamp="2024-05-07T19:05:55 CEST" skipped="0">
  <testcase classname="Test.shopping_cart" name="shoppingCart" time="18.396"/>
</testsuite> <!-- Test.shopping_cart -->
