<?xml version="1.0" encoding="UTF-8"?>
<!-- Generated by org.testng.reporters.JUnitReportReporter -->
<testsuite hostname="DESKTOP-M463AMS" failures="0" tests="1" name="Test.empty_shopping_cart" time="23.613" errors="0" timestamp="2024-05-07T19:09:15 CEST" skipped="0">
  <testcase classname="Test.empty_shopping_cart" name="emptyShoppingCart" time="23.613"/>
</testsuite> <!-- Test.empty_shopping_cart -->
